<?xml version="1.0" encoding="UTF-8"?>
<!-- Generated by org.testng.reporters.JUnitXMLReporter -->
<testsuite ignored="3" hostname="DESKTOP-VVFUTVG" failures="0" tests="2" name="Default test" time="24.348" errors="0" timestamp="2024-01-19T16:03:40 IST">
  <testcase classname="com.Admin_Module.CreatreSpecializationTest" name="creatreSpecializationTest" time="6.197"/>
  <testcase classname="com.Admin_Module.DEpendsOn" name="creating_SpecAND_Adding_DoctorTest" time="10.672"/>
  <testcase classname="com.Admin_Module.CreatreSpecializationTest" name="creatreSpecializationTest" time="0.0">
    <ignored/>
  </testcase> <!-- creatreSpecializationTest -->
  <testcase classname="com.genericUtility.BaseClass" name="@AfterSuite Config_AS" time="0.0">
    <ignored/>
  </testcase> <!-- @AfterSuite Config_AS -->
  <testcase classname="com.genericUtility.BaseClass" name="@BeforeSuite config_BS" time="0.0">
    <ignored/>
  </testcase> <!-- @BeforeSuite config_BS -->
</testsuite> <!-- Default test -->
