<?xml version="1.0" encoding="UTF-8"?>
<!-- Generated by org.testng.reporters.JUnitXMLReporter -->
<testsuite ignored="0" hostname="DESKTOP-VVFUTVG" failures="0" tests="6" name="Test2" time="0.182" errors="0" timestamp="2024-01-23T16:17:02 IST">
  <testcase classname="com.Doctor_module.Testing4" name="m7" time="0.018"/>
  <testcase classname="com.Doctor_module.Testing4" name="m8" time="0.002"/>
  <testcase classname="com.Doctor_module.Testing5" name="m10" time="0.002"/>
  <testcase classname="com.Doctor_module.Testing5" name="m9" time="0.003"/>
  <testcase classname="com.Doctor_module.Testing6" name="m11" time="0.013"/>
  <testcase classname="com.Doctor_module.Testing6" name="m12" time="0.007"/>
</testsuite> <!-- Test2 -->
