<?xml version="1.0" encoding="UTF-8"?>
<!-- Generated by org.testng.reporters.JUnitXMLReporter -->
<testsuite ignored="0" hostname="DESKTOP-VVFUTVG" failures="0" tests="6" name="Test1" time="0.169" errors="0" timestamp="2024-01-23T16:17:02 IST">
  <testcase classname="com.Admin_Module.Testing1" name="m1" time="0.018"/>
  <testcase classname="com.Admin_Module.Testing1" name="m2" time="0.005"/>
  <testcase classname="com.Admin_Module.Testing2" name="m3" time="0.005"/>
  <testcase classname="com.Admin_Module.Testing2" name="m4" time="0.006"/>
  <testcase classname="com.Admin_Module.Testing3" name="m5" time="0.003"/>
  <testcase classname="com.Admin_Module.Testing3" name="m6" time="0.008"/>
</testsuite> <!-- Test1 -->
