<?xml version="1.0" encoding="UTF-8"?>
<!-- Generated by org.testng.reporters.JUnitXMLReporter -->
<testsuite ignored="0" hostname="DESKTOP-VVFUTVG" failures="0" tests="12" name="Test" time="0.123" errors="0" timestamp="2024-01-23T15:49:03 IST">
  <testcase classname="com.Doctor_module.Testing6" name="m11" time="0.009"/>
  <testcase classname="com.Doctor_module.Testing6" name="m12" time="0.001"/>
  <testcase classname="com.Doctor_module.Testing5" name="m10" time="0.002"/>
  <testcase classname="com.Doctor_module.Testing5" name="m9" time="0.003"/>
  <testcase classname="com.Doctor_module.Testing4" name="m7" time="0.004"/>
  <testcase classname="com.Doctor_module.Testing4" name="m8" time="0.002"/>
  <testcase classname="com.Admin_Module.Testing3" name="m5" time="0.002"/>
  <testcase classname="com.Admin_Module.Testing3" name="m6" time="0.005"/>
  <testcase classname="com.Admin_Module.Testing2" name="m3" time="0.001"/>
  <testcase classname="com.Admin_Module.Testing2" name="m4" time="0.003"/>
  <testcase classname="com.Admin_Module.Testing1" name="m1" time="0.002"/>
  <testcase classname="com.Admin_Module.Testing1" name="m2" time="0.002"/>
</testsuite> <!-- Test -->
