<?xml version="1.0" encoding="UTF-8"?>
<testng-results ignored="0" total="12" passed="12" failed="0" skipped="0">
  <reporter-output>
  </reporter-output>
  <suite started-at="2024-01-23T16:17:02 IST" name="Suite" finished-at="2024-01-23T16:17:02 IST" duration-ms="183">
    <groups>
    </groups>
    <test started-at="2024-01-23T16:17:02 IST" name="Test1" finished-at="2024-01-23T16:17:02 IST" duration-ms="169">
      <class name="com.Admin_Module.Testing2">
        <test-method signature="m3()[pri:0, instance:com.Admin_Module.Testing2@1bd4fdd]" started-at="2024-01-23T16:17:02 IST" name="m3" finished-at="2024-01-23T16:17:02 IST" duration-ms="5" status="PASS">
          <reporter-output>
          </reporter-output>
        </test-method> <!-- m3 -->
        <test-method signature="m4()[pri:0, instance:com.Admin_Module.Testing2@1bd4fdd]" started-at="2024-01-23T16:17:02 IST" name="m4" finished-at="2024-01-23T16:17:02 IST" duration-ms="6" status="PASS">
          <reporter-output>
          </reporter-output>
        </test-method> <!-- m4 -->
      </class> <!-- com.Admin_Module.Testing2 -->
      <class name="com.Admin_Module.Testing1">
        <test-method signature="m1()[pri:0, instance:com.Admin_Module.Testing1@2b662a77]" started-at="2024-01-23T16:17:02 IST" name="m1" finished-at="2024-01-23T16:17:02 IST" duration-ms="18" status="PASS">
          <reporter-output>
          </reporter-output>
        </test-method> <!-- m1 -->
        <test-method signature="m2()[pri:0, instance:com.Admin_Module.Testing1@2b662a77]" started-at="2024-01-23T16:17:02 IST" name="m2" finished-at="2024-01-23T16:17:02 IST" duration-ms="5" status="PASS">
          <reporter-output>
          </reporter-output>
        </test-method> <!-- m2 -->
      </class> <!-- com.Admin_Module.Testing1 -->
      <class name="com.Admin_Module.Testing3">
        <test-method signature="m5()[pri:0, instance:com.Admin_Module.Testing3@55183b20]" started-at="2024-01-23T16:17:02 IST" name="m5" finished-at="2024-01-23T16:17:02 IST" duration-ms="3" status="PASS">
          <reporter-output>
          </reporter-output>
        </test-method> <!-- m5 -->
        <test-method signature="m6()[pri:0, instance:com.Admin_Module.Testing3@55183b20]" started-at="2024-01-23T16:17:02 IST" name="m6" finished-at="2024-01-23T16:17:02 IST" duration-ms="8" status="PASS">
          <reporter-output>
          </reporter-output>
        </test-method> <!-- m6 -->
      </class> <!-- com.Admin_Module.Testing3 -->
    </test> <!-- Test1 -->
    <test started-at="2024-01-23T16:17:02 IST" name="Test2" finished-at="2024-01-23T16:17:02 IST" duration-ms="182">
      <class name="com.Doctor_module.Testing4">
        <test-method signature="m7()[pri:0, instance:com.Doctor_module.Testing4@22555ebf]" started-at="2024-01-23T16:17:02 IST" name="m7" finished-at="2024-01-23T16:17:02 IST" duration-ms="18" status="PASS">
          <reporter-output>
          </reporter-output>
        </test-method> <!-- m7 -->
        <test-method signature="m8()[pri:0, instance:com.Doctor_module.Testing4@22555ebf]" started-at="2024-01-23T16:17:02 IST" name="m8" finished-at="2024-01-23T16:17:02 IST" duration-ms="2" status="PASS">
          <reporter-output>
          </reporter-output>
        </test-method> <!-- m8 -->
      </class> <!-- com.Doctor_module.Testing4 -->
      <class name="com.Doctor_module.Testing6">
        <test-method signature="m11()[pri:0, instance:com.Doctor_module.Testing6@45752059]" started-at="2024-01-23T16:17:02 IST" name="m11" finished-at="2024-01-23T16:17:02 IST" duration-ms="13" status="PASS">
          <reporter-output>
          </reporter-output>
        </test-method> <!-- m11 -->
        <test-method signature="m12()[pri:0, instance:com.Doctor_module.Testing6@45752059]" started-at="2024-01-23T16:17:02 IST" name="m12" finished-at="2024-01-23T16:17:02 IST" duration-ms="7" status="PASS">
          <reporter-output>
          </reporter-output>
        </test-method> <!-- m12 -->
      </class> <!-- com.Doctor_module.Testing6 -->
      <class name="com.Doctor_module.Testing5">
        <test-method signature="m10()[pri:0, instance:com.Doctor_module.Testing5@36ebc363]" started-at="2024-01-23T16:17:02 IST" name="m10" finished-at="2024-01-23T16:17:02 IST" duration-ms="2" status="PASS">
          <reporter-output>
          </reporter-output>
        </test-method> <!-- m10 -->
        <test-method signature="m9()[pri:0, instance:com.Doctor_module.Testing5@36ebc363]" started-at="2024-01-23T16:17:02 IST" name="m9" finished-at="2024-01-23T16:17:02 IST" duration-ms="3" status="PASS">
          <reporter-output>
          </reporter-output>
        </test-method> <!-- m9 -->
      </class> <!-- com.Doctor_module.Testing5 -->
    </test> <!-- Test2 -->
  </suite> <!-- Suite -->
</testng-results>
